This file contains any messages produced by compilers while
running configure, to aid debugging if configure makes a mistake.

It was created by sqlite configure 3.45.0, which was
generated by GNU Autoconf 2.69.  Invocation command line was

  $ ../configure 

## --------- ##
## Platform. ##
## --------- ##

hostname = somehost.my.domain
uname -m = arm64
uname -r = 13.2-RELEASE
uname -s = FreeBSD
uname -v = FreeBSD 13.2-RELEASE releng/13.2-n254617-525ecfdad597 GENERIC

/usr/bin/uname -p = aarch64
/bin/uname -X     = unknown

/bin/arch              = unknown
/usr/bin/arch -k       = unknown
/usr/convex/getsysinfo = unknown
/usr/bin/hostinfo      = unknown
/bin/machine           = unknown
/usr/bin/oslevel       = unknown
/bin/universe          = unknown

PATH: /sbin
PATH: /bin
PATH: /usr/sbin
PATH: /usr/bin
PATH: /usr/local/sbin
PATH: /usr/local/bin
PATH: /home/stel/bin


## ----------- ##
## Core tests. ##
## ----------- ##

configure:2508: checking build system type
configure:2522: result: aarch64-unknown-freebsd13.2
configure:2542: checking host system type
configure:2555: result: aarch64-unknown-freebsd13.2
configure:2623: checking for gcc
configure:2653: result: no
configure:2716: checking for cc
configure:2737: found /usr/bin/cc
configure:2760: result: cc
configure:2879: checking for C compiler version
configure:2888: cc --version >&5
FreeBSD clang version 14.0.5 (https://github.com/llvm/llvm-project.git llvmorg-14.0.5-0-gc12386ae247c)
Target: aarch64-unknown-freebsd13.2
Thread model: posix
InstalledDir: /usr/bin
configure:2899: $? = 0
configure:2888: cc -v >&5
FreeBSD clang version 14.0.5 (https://github.com/llvm/llvm-project.git llvmorg-14.0.5-0-gc12386ae247c)
Target: aarch64-unknown-freebsd13.2
Thread model: posix
InstalledDir: /usr/bin
configure:2899: $? = 0
configure:2888: cc -V >&5
cc: error: argument to '-V' is missing (expected 1 value)
cc: error: no input files
configure:2899: $? = 1
configure:2888: cc -qversion >&5
cc: error: unknown argument '-qversion'; did you mean '--version'?
cc: error: no input files
configure:2899: $? = 1
configure:2919: checking whether the C compiler works
configure:2941: cc    conftest.c  >&5
configure:2945: $? = 0
configure:2993: result: yes
configure:2996: checking for C compiler default output file name
configure:2998: result: a.out
configure:3004: checking for suffix of executables
configure:3011: cc -o conftest    conftest.c  >&5
configure:3015: $? = 0
configure:3037: result: 
configure:3059: checking whether we are cross compiling
configure:3067: cc -o conftest    conftest.c  >&5
configure:3071: $? = 0
configure:3078: ./conftest
configure:3082: $? = 0
configure:3097: result: no
configure:3102: checking for suffix of object files
configure:3124: cc -c   conftest.c >&5
configure:3128: $? = 0
configure:3149: result: o
configure:3153: checking whether we are using the GNU C compiler
configure:3172: cc -c   conftest.c >&5
configure:3172: $? = 0
configure:3181: result: yes
configure:3190: checking whether cc accepts -g
configure:3210: cc -c -g  conftest.c >&5
configure:3210: $? = 0
configure:3251: result: yes
configure:3268: checking for cc option to accept ISO C89
configure:3331: cc  -c -g -O2  conftest.c >&5
configure:3331: $? = 0
configure:3344: result: none needed
configure:3364: checking for a sed that does not truncate output
configure:3428: result: /usr/bin/sed
configure:3446: checking for grep that handles long lines and -e
configure:3504: result: /usr/bin/grep
configure:3509: checking for egrep
configure:3571: result: /usr/bin/grep -E
configure:3576: checking for fgrep
configure:3638: result: /usr/bin/grep -F
configure:3673: checking for ld used by cc
configure:3740: result: /usr/bin/ld
configure:3747: checking if the linker (/usr/bin/ld) is GNU ld
configure:3762: result: yes
configure:3774: checking for BSD- or MS-compatible name lister (nm)
configure:3823: result: /usr/bin/nm
configure:3941: checking the name lister (/usr/bin/nm) interface
configure:3948: cc -c -g -O2  conftest.c >&5
configure:3951: /usr/bin/nm "conftest.o"
configure:3954: output
0000000000000000 b $d.0
0000000000000000 N $d.1
0000000000000000 N $d.2
0000000000000000 N $d.3
0000000000000000 n $d.4
0000000000000000 N $d.5
0000000000000000 B some_variable
configure:3961: result: BSD nm
configure:3964: checking whether ln -s works
configure:3968: result: yes
configure:3976: checking the maximum length of command line arguments
configure:4096: result: 393216
configure:4113: checking whether the shell understands some XSI constructs
configure:4123: result: yes
configure:4127: checking whether the shell understands "+="
configure:4133: result: no
configure:4168: checking for /usr/bin/ld option to reload object files
configure:4175: result: -r
configure:4244: checking for objdump
configure:4274: result: no
configure:4303: checking how to recognize dependent libraries
configure:4499: result: pass_all
configure:4559: checking for ar
configure:4575: found /usr/bin/ar
configure:4586: result: ar
configure:4664: checking for strip
configure:4680: found /usr/bin/strip
configure:4691: result: strip
configure:4763: checking for ranlib
configure:4779: found /usr/bin/ranlib
configure:4790: result: ranlib
configure:4880: checking command to parse /usr/bin/nm output from cc object
configure:4998: cc -c -g -O2  conftest.c >&5
configure:5001: $? = 0
configure:5005: /usr/bin/nm conftest.o \| sed -n -e 's/^.*[	 ]\([BCDEGRST][BCDEGRST]*\)[	 ][	 ]*\([_A-Za-z][_A-Za-z0-9]*\)$/\1 \2 \2/p' \> conftest.nm
configure:5008: $? = 0
configure:5062: cc -o conftest -g -O2   conftest.c conftstm.o >&5
configure:5065: $? = 0
configure:5103: result: ok
configure:5912: checking how to run the C preprocessor
configure:5943: cc -E  conftest.c
configure:5943: $? = 0
configure:5957: cc -E  conftest.c
conftest.c:9:10: fatal error: 'ac_nonexistent.h' file not found
#include <ac_nonexistent.h>
         ^~~~~~~~~~~~~~~~~~
1 error generated.
configure:5957: $? = 1
configure: failed program was:
| /* confdefs.h */
| #define PACKAGE_NAME "sqlite"
| #define PACKAGE_TARNAME "sqlite"
| #define PACKAGE_VERSION "3.45.0"
| #define PACKAGE_STRING "sqlite 3.45.0"
| #define PACKAGE_BUGREPORT ""
| #define PACKAGE_URL ""
| /* end confdefs.h.  */
| #include <ac_nonexistent.h>
configure:5982: result: cc -E
configure:6002: cc -E  conftest.c
configure:6002: $? = 0
configure:6016: cc -E  conftest.c
conftest.c:9:10: fatal error: 'ac_nonexistent.h' file not found
#include <ac_nonexistent.h>
         ^~~~~~~~~~~~~~~~~~
1 error generated.
configure:6016: $? = 1
configure: failed program was:
| /* confdefs.h */
| #define PACKAGE_NAME "sqlite"
| #define PACKAGE_TARNAME "sqlite"
| #define PACKAGE_VERSION "3.45.0"
| #define PACKAGE_STRING "sqlite 3.45.0"
| #define PACKAGE_BUGREPORT ""
| #define PACKAGE_URL ""
| /* end confdefs.h.  */
| #include <ac_nonexistent.h>
configure:6045: checking for ANSI C header files
configure:6065: cc -c -g -O2  conftest.c >&5
configure:6065: $? = 0
configure:6138: cc -o conftest -g -O2   conftest.c  >&5
configure:6138: $? = 0
configure:6138: ./conftest
configure:6138: $? = 0
configure:6149: result: yes
configure:6162: checking for sys/types.h
configure:6162: cc -c -g -O2  conftest.c >&5
configure:6162: $? = 0
configure:6162: result: yes
configure:6162: checking for sys/stat.h
configure:6162: cc -c -g -O2  conftest.c >&5
configure:6162: $? = 0
configure:6162: result: yes
configure:6162: checking for stdlib.h
configure:6162: cc -c -g -O2  conftest.c >&5
configure:6162: $? = 0
configure:6162: result: yes
configure:6162: checking for string.h
configure:6162: cc -c -g -O2  conftest.c >&5
configure:6162: $? = 0
configure:6162: result: yes
configure:6162: checking for memory.h
configure:6162: cc -c -g -O2  conftest.c >&5
configure:6162: $? = 0
configure:6162: result: yes
configure:6162: checking for strings.h
configure:6162: cc -c -g -O2  conftest.c >&5
configure:6162: $? = 0
configure:6162: result: yes
configure:6162: checking for inttypes.h
configure:6162: cc -c -g -O2  conftest.c >&5
configure:6162: $? = 0
configure:6162: result: yes
configure:6162: checking for stdint.h
configure:6162: cc -c -g -O2  conftest.c >&5
configure:6162: $? = 0
configure:6162: result: yes
configure:6162: checking for unistd.h
configure:6162: cc -c -g -O2  conftest.c >&5
configure:6162: $? = 0
configure:6162: result: yes
configure:6176: checking for dlfcn.h
configure:6176: cc -c -g -O2  conftest.c >&5
configure:6176: $? = 0
configure:6176: result: yes
configure:6360: checking for objdir
configure:6375: result: .libs
configure:6667: checking if cc supports -fno-rtti -fno-exceptions
configure:6685: cc -c -g -O2  -fno-rtti -fno-exceptions conftest.c >&5
configure:6689: $? = 0
configure:6702: result: yes
configure:6722: checking for cc option to produce PIC
configure:6994: result: -fPIC -DPIC
configure:7006: checking if cc PIC flag -fPIC -DPIC works
configure:7024: cc -c -g -O2  -fPIC -DPIC -DPIC conftest.c >&5
configure:7028: $? = 0
configure:7041: result: yes
configure:7065: checking if cc static flag -static works
configure:7093: result: yes
configure:7108: checking if cc supports -c -o file.o
configure:7129: cc -c -g -O2  -o out/conftest2.o conftest.c >&5
configure:7133: $? = 0
configure:7155: result: yes
configure:7163: checking if cc supports -c -o file.o
configure:7210: result: yes
configure:7243: checking whether the cc linker (/usr/bin/ld) supports shared libraries
configure:8229: result: yes
configure:8266: checking whether -lc should be explicitly linked in
configure:8271: cc -c -g -O2  conftest.c >&5
configure:8274: $? = 0
configure:8289: cc -shared conftest.o  -v -Wl,-soname -Wl,conftest -o conftest 2\>\&1 \| /usr/bin/grep  -lc  \>/dev/null 2\>\&1
configure:8292: $? = 0
configure:8304: result: no
configure:8468: checking dynamic linker characteristics
configure:9132: result: no
configure:9234: checking how to hardcode library paths into programs
configure:9259: result: immediate
configure:9779: checking whether stripping libraries is possible
configure:9801: result: no
configure:9819: checking if libtool supports shared libraries
configure:9821: result: no
configure:9824: checking whether to build shared libraries
configure:9845: result: no
configure:9848: checking whether to build static libraries
configure:9852: result: yes
configure:9901: checking for a BSD-compatible install
configure:9969: result: /usr/bin/install -c
configure:9991: checking for special C compiler options needed for large files
configure:10036: result: no
configure:10042: checking for _FILE_OFFSET_BITS value needed for large files
configure:10067: cc -c -g -O2  conftest.c >&5
configure:10067: $? = 0
configure:10099: result: no
configure:10187: checking for int8_t
configure:10187: cc -c -g -O2  conftest.c >&5
configure:10187: $? = 0
configure:10187: cc -c -g -O2  conftest.c >&5
conftest.c:57:21: error: expected expression
if (sizeof ((int8_t)))
                    ^
1 error generated.
configure:10187: $? = 1
configure: failed program was:
| /* confdefs.h */
| #define PACKAGE_NAME "sqlite"
| #define PACKAGE_TARNAME "sqlite"
| #define PACKAGE_VERSION "3.45.0"
| #define PACKAGE_STRING "sqlite 3.45.0"
| #define PACKAGE_BUGREPORT ""
| #define PACKAGE_URL ""
| #define STDC_HEADERS 1
| #define HAVE_SYS_TYPES_H 1
| #define HAVE_SYS_STAT_H 1
| #define HAVE_STDLIB_H 1
| #define HAVE_STRING_H 1
| #define HAVE_MEMORY_H 1
| #define HAVE_STRINGS_H 1
| #define HAVE_INTTYPES_H 1
| #define HAVE_STDINT_H 1
| #define HAVE_UNISTD_H 1
| #define HAVE_DLFCN_H 1
| #define LT_OBJDIR ".libs/"
| /* end confdefs.h.  */
| #include <stdio.h>
| #ifdef HAVE_SYS_TYPES_H
| # include <sys/types.h>
| #endif
| #ifdef HAVE_SYS_STAT_H
| # include <sys/stat.h>
| #endif
| #ifdef STDC_HEADERS
| # include <stdlib.h>
| # include <stddef.h>
| #else
| # ifdef HAVE_STDLIB_H
| #  include <stdlib.h>
| # endif
| #endif
| #ifdef HAVE_STRING_H
| # if !defined STDC_HEADERS && defined HAVE_MEMORY_H
| #  include <memory.h>
| # endif
| # include <string.h>
| #endif
| #ifdef HAVE_STRINGS_H
| # include <strings.h>
| #endif
| #ifdef HAVE_INTTYPES_H
| # include <inttypes.h>
| #endif
| #ifdef HAVE_STDINT_H
| # include <stdint.h>
| #endif
| #ifdef HAVE_UNISTD_H
| # include <unistd.h>
| #endif
| int
| main ()
| {
| if (sizeof ((int8_t)))
| 	    return 0;
|   ;
|   return 0;
| }
configure:10187: result: yes
configure:10196: checking for int16_t
configure:10196: cc -c -g -O2  conftest.c >&5
configure:10196: $? = 0
configure:10196: cc -c -g -O2  conftest.c >&5
conftest.c:58:22: error: expected expression
if (sizeof ((int16_t)))
                     ^
1 error generated.
configure:10196: $? = 1
configure: failed program was:
| /* confdefs.h */
| #define PACKAGE_NAME "sqlite"
| #define PACKAGE_TARNAME "sqlite"
| #define PACKAGE_VERSION "3.45.0"
| #define PACKAGE_STRING "sqlite 3.45.0"
| #define PACKAGE_BUGREPORT ""
| #define PACKAGE_URL ""
| #define STDC_HEADERS 1
| #define HAVE_SYS_TYPES_H 1
| #define HAVE_SYS_STAT_H 1
| #define HAVE_STDLIB_H 1
| #define HAVE_STRING_H 1
| #define HAVE_MEMORY_H 1
| #define HAVE_STRINGS_H 1
| #define HAVE_INTTYPES_H 1
| #define HAVE_STDINT_H 1
| #define HAVE_UNISTD_H 1
| #define HAVE_DLFCN_H 1
| #define LT_OBJDIR ".libs/"
| #define HAVE_INT8_T 1
| /* end confdefs.h.  */
| #include <stdio.h>
| #ifdef HAVE_SYS_TYPES_H
| # include <sys/types.h>
| #endif
| #ifdef HAVE_SYS_STAT_H
| # include <sys/stat.h>
| #endif
| #ifdef STDC_HEADERS
| # include <stdlib.h>
| # include <stddef.h>
| #else
| # ifdef HAVE_STDLIB_H
| #  include <stdlib.h>
| # endif
| #endif
| #ifdef HAVE_STRING_H
| # if !defined STDC_HEADERS && defined HAVE_MEMORY_H
| #  include <memory.h>
| # endif
| # include <string.h>
| #endif
| #ifdef HAVE_STRINGS_H
| # include <strings.h>
| #endif
| #ifdef HAVE_INTTYPES_H
| # include <inttypes.h>
| #endif
| #ifdef HAVE_STDINT_H
| # include <stdint.h>
| #endif
| #ifdef HAVE_UNISTD_H
| # include <unistd.h>
| #endif
| int
| main ()
| {
| if (sizeof ((int16_t)))
| 	    return 0;
|   ;
|   return 0;
| }
configure:10196: result: yes
configure:10205: checking for int32_t
configure:10205: cc -c -g -O2  conftest.c >&5
configure:10205: $? = 0
configure:10205: cc -c -g -O2  conftest.c >&5
conftest.c:59:22: error: expected expression
if (sizeof ((int32_t)))
                     ^
1 error generated.
configure:10205: $? = 1
configure: failed program was:
| /* confdefs.h */
| #define PACKAGE_NAME "sqlite"
| #define PACKAGE_TARNAME "sqlite"
| #define PACKAGE_VERSION "3.45.0"
| #define PACKAGE_STRING "sqlite 3.45.0"
| #define PACKAGE_BUGREPORT ""
| #define PACKAGE_URL ""
| #define STDC_HEADERS 1
| #define HAVE_SYS_TYPES_H 1
| #define HAVE_SYS_STAT_H 1
| #define HAVE_STDLIB_H 1
| #define HAVE_STRING_H 1
| #define HAVE_MEMORY_H 1
| #define HAVE_STRINGS_H 1
| #define HAVE_INTTYPES_H 1
| #define HAVE_STDINT_H 1
| #define HAVE_UNISTD_H 1
| #define HAVE_DLFCN_H 1
| #define LT_OBJDIR ".libs/"
| #define HAVE_INT8_T 1
| #define HAVE_INT16_T 1
| /* end confdefs.h.  */
| #include <stdio.h>
| #ifdef HAVE_SYS_TYPES_H
| # include <sys/types.h>
| #endif
| #ifdef HAVE_SYS_STAT_H
| # include <sys/stat.h>
| #endif
| #ifdef STDC_HEADERS
| # include <stdlib.h>
| # include <stddef.h>
| #else
| # ifdef HAVE_STDLIB_H
| #  include <stdlib.h>
| # endif
| #endif
| #ifdef HAVE_STRING_H
| # if !defined STDC_HEADERS && defined HAVE_MEMORY_H
| #  include <memory.h>
| # endif
| # include <string.h>
| #endif
| #ifdef HAVE_STRINGS_H
| # include <strings.h>
| #endif
| #ifdef HAVE_INTTYPES_H
| # include <inttypes.h>
| #endif
| #ifdef HAVE_STDINT_H
| # include <stdint.h>
| #endif
| #ifdef HAVE_UNISTD_H
| # include <unistd.h>
| #endif
| int
| main ()
| {
| if (sizeof ((int32_t)))
| 	    return 0;
|   ;
|   return 0;
| }
configure:10205: result: yes
configure:10214: checking for int64_t
configure:10214: cc -c -g -O2  conftest.c >&5
configure:10214: $? = 0
configure:10214: cc -c -g -O2  conftest.c >&5
conftest.c:60:22: error: expected expression
if (sizeof ((int64_t)))
                     ^
1 error generated.
configure:10214: $? = 1
configure: failed program was:
| /* confdefs.h */
| #define PACKAGE_NAME "sqlite"
| #define PACKAGE_TARNAME "sqlite"
| #define PACKAGE_VERSION "3.45.0"
| #define PACKAGE_STRING "sqlite 3.45.0"
| #define PACKAGE_BUGREPORT ""
| #define PACKAGE_URL ""
| #define STDC_HEADERS 1
| #define HAVE_SYS_TYPES_H 1
| #define HAVE_SYS_STAT_H 1
| #define HAVE_STDLIB_H 1
| #define HAVE_STRING_H 1
| #define HAVE_MEMORY_H 1
| #define HAVE_STRINGS_H 1
| #define HAVE_INTTYPES_H 1
| #define HAVE_STDINT_H 1
| #define HAVE_UNISTD_H 1
| #define HAVE_DLFCN_H 1
| #define LT_OBJDIR ".libs/"
| #define HAVE_INT8_T 1
| #define HAVE_INT16_T 1
| #define HAVE_INT32_T 1
| /* end confdefs.h.  */
| #include <stdio.h>
| #ifdef HAVE_SYS_TYPES_H
| # include <sys/types.h>
| #endif
| #ifdef HAVE_SYS_STAT_H
| # include <sys/stat.h>
| #endif
| #ifdef STDC_HEADERS
| # include <stdlib.h>
| # include <stddef.h>
| #else
| # ifdef HAVE_STDLIB_H
| #  include <stdlib.h>
| # endif
| #endif
| #ifdef HAVE_STRING_H
| # if !defined STDC_HEADERS && defined HAVE_MEMORY_H
| #  include <memory.h>
| # endif
| # include <string.h>
| #endif
| #ifdef HAVE_STRINGS_H
| # include <strings.h>
| #endif
| #ifdef HAVE_INTTYPES_H
| # include <inttypes.h>
| #endif
| #ifdef HAVE_STDINT_H
| # include <stdint.h>
| #endif
| #ifdef HAVE_UNISTD_H
| # include <unistd.h>
| #endif
| int
| main ()
| {
| if (sizeof ((int64_t)))
| 	    return 0;
|   ;
|   return 0;
| }
configure:10214: result: yes
configure:10223: checking for intptr_t
configure:10223: cc -c -g -O2  conftest.c >&5
configure:10223: $? = 0
configure:10223: cc -c -g -O2  conftest.c >&5
conftest.c:61:23: error: expected expression
if (sizeof ((intptr_t)))
                      ^
1 error generated.
configure:10223: $? = 1
configure: failed program was:
| /* confdefs.h */
| #define PACKAGE_NAME "sqlite"
| #define PACKAGE_TARNAME "sqlite"
| #define PACKAGE_VERSION "3.45.0"
| #define PACKAGE_STRING "sqlite 3.45.0"
| #define PACKAGE_BUGREPORT ""
| #define PACKAGE_URL ""
| #define STDC_HEADERS 1
| #define HAVE_SYS_TYPES_H 1
| #define HAVE_SYS_STAT_H 1
| #define HAVE_STDLIB_H 1
| #define HAVE_STRING_H 1
| #define HAVE_MEMORY_H 1
| #define HAVE_STRINGS_H 1
| #define HAVE_INTTYPES_H 1
| #define HAVE_STDINT_H 1
| #define HAVE_UNISTD_H 1
| #define HAVE_DLFCN_H 1
| #define LT_OBJDIR ".libs/"
| #define HAVE_INT8_T 1
| #define HAVE_INT16_T 1
| #define HAVE_INT32_T 1
| #define HAVE_INT64_T 1
| /* end confdefs.h.  */
| #include <stdio.h>
| #ifdef HAVE_SYS_TYPES_H
| # include <sys/types.h>
| #endif
| #ifdef HAVE_SYS_STAT_H
| # include <sys/stat.h>
| #endif
| #ifdef STDC_HEADERS
| # include <stdlib.h>
| # include <stddef.h>
| #else
| # ifdef HAVE_STDLIB_H
| #  include <stdlib.h>
| # endif
| #endif
| #ifdef HAVE_STRING_H
| # if !defined STDC_HEADERS && defined HAVE_MEMORY_H
| #  include <memory.h>
| # endif
| # include <string.h>
| #endif
| #ifdef HAVE_STRINGS_H
| # include <strings.h>
| #endif
| #ifdef HAVE_INTTYPES_H
| # include <inttypes.h>
| #endif
| #ifdef HAVE_STDINT_H
| # include <stdint.h>
| #endif
| #ifdef HAVE_UNISTD_H
| # include <unistd.h>
| #endif
| int
| main ()
| {
| if (sizeof ((intptr_t)))
| 	    return 0;
|   ;
|   return 0;
| }
configure:10223: result: yes
configure:10232: checking for uint8_t
configure:10232: cc -c -g -O2  conftest.c >&5
configure:10232: $? = 0
configure:10232: cc -c -g -O2  conftest.c >&5
conftest.c:62:22: error: expected expression
if (sizeof ((uint8_t)))
                     ^
1 error generated.
configure:10232: $? = 1
configure: failed program was:
| /* confdefs.h */
| #define PACKAGE_NAME "sqlite"
| #define PACKAGE_TARNAME "sqlite"
| #define PACKAGE_VERSION "3.45.0"
| #define PACKAGE_STRING "sqlite 3.45.0"
| #define PACKAGE_BUGREPORT ""
| #define PACKAGE_URL ""
| #define STDC_HEADERS 1
| #define HAVE_SYS_TYPES_H 1
| #define HAVE_SYS_STAT_H 1
| #define HAVE_STDLIB_H 1
| #define HAVE_STRING_H 1
| #define HAVE_MEMORY_H 1
| #define HAVE_STRINGS_H 1
| #define HAVE_INTTYPES_H 1
| #define HAVE_STDINT_H 1
| #define HAVE_UNISTD_H 1
| #define HAVE_DLFCN_H 1
| #define LT_OBJDIR ".libs/"
| #define HAVE_INT8_T 1
| #define HAVE_INT16_T 1
| #define HAVE_INT32_T 1
| #define HAVE_INT64_T 1
| #define HAVE_INTPTR_T 1
| /* end confdefs.h.  */
| #include <stdio.h>
| #ifdef HAVE_SYS_TYPES_H
| # include <sys/types.h>
| #endif
| #ifdef HAVE_SYS_STAT_H
| # include <sys/stat.h>
| #endif
| #ifdef STDC_HEADERS
| # include <stdlib.h>
| # include <stddef.h>
| #else
| # ifdef HAVE_STDLIB_H
| #  include <stdlib.h>
| # endif
| #endif
| #ifdef HAVE_STRING_H
| # if !defined STDC_HEADERS && defined HAVE_MEMORY_H
| #  include <memory.h>
| # endif
| # include <string.h>
| #endif
| #ifdef HAVE_STRINGS_H
| # include <strings.h>
| #endif
| #ifdef HAVE_INTTYPES_H
| # include <inttypes.h>
| #endif
| #ifdef HAVE_STDINT_H
| # include <stdint.h>
| #endif
| #ifdef HAVE_UNISTD_H
| # include <unistd.h>
| #endif
| int
| main ()
| {
| if (sizeof ((uint8_t)))
| 	    return 0;
|   ;
|   return 0;
| }
configure:10232: result: yes
configure:10241: checking for uint16_t
configure:10241: cc -c -g -O2  conftest.c >&5
configure:10241: $? = 0
configure:10241: cc -c -g -O2  conftest.c >&5
conftest.c:63:23: error: expected expression
if (sizeof ((uint16_t)))
                      ^
1 error generated.
configure:10241: $? = 1
configure: failed program was:
| /* confdefs.h */
| #define PACKAGE_NAME "sqlite"
| #define PACKAGE_TARNAME "sqlite"
| #define PACKAGE_VERSION "3.45.0"
| #define PACKAGE_STRING "sqlite 3.45.0"
| #define PACKAGE_BUGREPORT ""
| #define PACKAGE_URL ""
| #define STDC_HEADERS 1
| #define HAVE_SYS_TYPES_H 1
| #define HAVE_SYS_STAT_H 1
| #define HAVE_STDLIB_H 1
| #define HAVE_STRING_H 1
| #define HAVE_MEMORY_H 1
| #define HAVE_STRINGS_H 1
| #define HAVE_INTTYPES_H 1
| #define HAVE_STDINT_H 1
| #define HAVE_UNISTD_H 1
| #define HAVE_DLFCN_H 1
| #define LT_OBJDIR ".libs/"
| #define HAVE_INT8_T 1
| #define HAVE_INT16_T 1
| #define HAVE_INT32_T 1
| #define HAVE_INT64_T 1
| #define HAVE_INTPTR_T 1
| #define HAVE_UINT8_T 1
| /* end confdefs.h.  */
| #include <stdio.h>
| #ifdef HAVE_SYS_TYPES_H
| # include <sys/types.h>
| #endif
| #ifdef HAVE_SYS_STAT_H
| # include <sys/stat.h>
| #endif
| #ifdef STDC_HEADERS
| # include <stdlib.h>
| # include <stddef.h>
| #else
| # ifdef HAVE_STDLIB_H
| #  include <stdlib.h>
| # endif
| #endif
| #ifdef HAVE_STRING_H
| # if !defined STDC_HEADERS && defined HAVE_MEMORY_H
| #  include <memory.h>
| # endif
| # include <string.h>
| #endif
| #ifdef HAVE_STRINGS_H
| # include <strings.h>
| #endif
| #ifdef HAVE_INTTYPES_H
| # include <inttypes.h>
| #endif
| #ifdef HAVE_STDINT_H
| # include <stdint.h>
| #endif
| #ifdef HAVE_UNISTD_H
| # include <unistd.h>
| #endif
| int
| main ()
| {
| if (sizeof ((uint16_t)))
| 	    return 0;
|   ;
|   return 0;
| }
configure:10241: result: yes
configure:10250: checking for uint32_t
configure:10250: cc -c -g -O2  conftest.c >&5
configure:10250: $? = 0
configure:10250: cc -c -g -O2  conftest.c >&5
conftest.c:64:23: error: expected expression
if (sizeof ((uint32_t)))
                      ^
1 error generated.
configure:10250: $? = 1
configure: failed program was:
| /* confdefs.h */
| #define PACKAGE_NAME "sqlite"
| #define PACKAGE_TARNAME "sqlite"
| #define PACKAGE_VERSION "3.45.0"
| #define PACKAGE_STRING "sqlite 3.45.0"
| #define PACKAGE_BUGREPORT ""
| #define PACKAGE_URL ""
| #define STDC_HEADERS 1
| #define HAVE_SYS_TYPES_H 1
| #define HAVE_SYS_STAT_H 1
| #define HAVE_STDLIB_H 1
| #define HAVE_STRING_H 1
| #define HAVE_MEMORY_H 1
| #define HAVE_STRINGS_H 1
| #define HAVE_INTTYPES_H 1
| #define HAVE_STDINT_H 1
| #define HAVE_UNISTD_H 1
| #define HAVE_DLFCN_H 1
| #define LT_OBJDIR ".libs/"
| #define HAVE_INT8_T 1
| #define HAVE_INT16_T 1
| #define HAVE_INT32_T 1
| #define HAVE_INT64_T 1
| #define HAVE_INTPTR_T 1
| #define HAVE_UINT8_T 1
| #define HAVE_UINT16_T 1
| /* end confdefs.h.  */
| #include <stdio.h>
| #ifdef HAVE_SYS_TYPES_H
| # include <sys/types.h>
| #endif
| #ifdef HAVE_SYS_STAT_H
| # include <sys/stat.h>
| #endif
| #ifdef STDC_HEADERS
| # include <stdlib.h>
| # include <stddef.h>
| #else
| # ifdef HAVE_STDLIB_H
| #  include <stdlib.h>
| # endif
| #endif
| #ifdef HAVE_STRING_H
| # if !defined STDC_HEADERS && defined HAVE_MEMORY_H
| #  include <memory.h>
| # endif
| # include <string.h>
| #endif
| #ifdef HAVE_STRINGS_H
| # include <strings.h>
| #endif
| #ifdef HAVE_INTTYPES_H
| # include <inttypes.h>
| #endif
| #ifdef HAVE_STDINT_H
| # include <stdint.h>
| #endif
| #ifdef HAVE_UNISTD_H
| # include <unistd.h>
| #endif
| int
| main ()
| {
| if (sizeof ((uint32_t)))
| 	    return 0;
|   ;
|   return 0;
| }
configure:10250: result: yes
configure:10259: checking for uint64_t
configure:10259: cc -c -g -O2  conftest.c >&5
configure:10259: $? = 0
configure:10259: cc -c -g -O2  conftest.c >&5
conftest.c:65:23: error: expected expression
if (sizeof ((uint64_t)))
                      ^
1 error generated.
configure:10259: $? = 1
configure: failed program was:
| /* confdefs.h */
| #define PACKAGE_NAME "sqlite"
| #define PACKAGE_TARNAME "sqlite"
| #define PACKAGE_VERSION "3.45.0"
| #define PACKAGE_STRING "sqlite 3.45.0"
| #define PACKAGE_BUGREPORT ""
| #define PACKAGE_URL ""
| #define STDC_HEADERS 1
| #define HAVE_SYS_TYPES_H 1
| #define HAVE_SYS_STAT_H 1
| #define HAVE_STDLIB_H 1
| #define HAVE_STRING_H 1
| #define HAVE_MEMORY_H 1
| #define HAVE_STRINGS_H 1
| #define HAVE_INTTYPES_H 1
| #define HAVE_STDINT_H 1
| #define HAVE_UNISTD_H 1
| #define HAVE_DLFCN_H 1
| #define LT_OBJDIR ".libs/"
| #define HAVE_INT8_T 1
| #define HAVE_INT16_T 1
| #define HAVE_INT32_T 1
| #define HAVE_INT64_T 1
| #define HAVE_INTPTR_T 1
| #define HAVE_UINT8_T 1
| #define HAVE_UINT16_T 1
| #define HAVE_UINT32_T 1
| /* end confdefs.h.  */
| #include <stdio.h>
| #ifdef HAVE_SYS_TYPES_H
| # include <sys/types.h>
| #endif
| #ifdef HAVE_SYS_STAT_H
| # include <sys/stat.h>
| #endif
| #ifdef STDC_HEADERS
| # include <stdlib.h>
| # include <stddef.h>
| #else
| # ifdef HAVE_STDLIB_H
| #  include <stdlib.h>
| # endif
| #endif
| #ifdef HAVE_STRING_H
| # if !defined STDC_HEADERS && defined HAVE_MEMORY_H
| #  include <memory.h>
| # endif
| # include <string.h>
| #endif
| #ifdef HAVE_STRINGS_H
| # include <strings.h>
| #endif
| #ifdef HAVE_INTTYPES_H
| # include <inttypes.h>
| #endif
| #ifdef HAVE_STDINT_H
| # include <stdint.h>
| #endif
| #ifdef HAVE_UNISTD_H
| # include <unistd.h>
| #endif
| int
| main ()
| {
| if (sizeof ((uint64_t)))
| 	    return 0;
|   ;
|   return 0;
| }
configure:10259: result: yes
configure:10268: checking for uintptr_t
configure:10268: cc -c -g -O2  conftest.c >&5
configure:10268: $? = 0
configure:10268: cc -c -g -O2  conftest.c >&5
conftest.c:66:24: error: expected expression
if (sizeof ((uintptr_t)))
                       ^
1 error generated.
configure:10268: $? = 1
configure: failed program was:
| /* confdefs.h */
| #define PACKAGE_NAME "sqlite"
| #define PACKAGE_TARNAME "sqlite"
| #define PACKAGE_VERSION "3.45.0"
| #define PACKAGE_STRING "sqlite 3.45.0"
| #define PACKAGE_BUGREPORT ""
| #define PACKAGE_URL ""
| #define STDC_HEADERS 1
| #define HAVE_SYS_TYPES_H 1
| #define HAVE_SYS_STAT_H 1
| #define HAVE_STDLIB_H 1
| #define HAVE_STRING_H 1
| #define HAVE_MEMORY_H 1
| #define HAVE_STRINGS_H 1
| #define HAVE_INTTYPES_H 1
| #define HAVE_STDINT_H 1
| #define HAVE_UNISTD_H 1
| #define HAVE_DLFCN_H 1
| #define LT_OBJDIR ".libs/"
| #define HAVE_INT8_T 1
| #define HAVE_INT16_T 1
| #define HAVE_INT32_T 1
| #define HAVE_INT64_T 1
| #define HAVE_INTPTR_T 1
| #define HAVE_UINT8_T 1
| #define HAVE_UINT16_T 1
| #define HAVE_UINT32_T 1
| #define HAVE_UINT64_T 1
| /* end confdefs.h.  */
| #include <stdio.h>
| #ifdef HAVE_SYS_TYPES_H
| # include <sys/types.h>
| #endif
| #ifdef HAVE_SYS_STAT_H
| # include <sys/stat.h>
| #endif
| #ifdef STDC_HEADERS
| # include <stdlib.h>
| # include <stddef.h>
| #else
| # ifdef HAVE_STDLIB_H
| #  include <stdlib.h>
| # endif
| #endif
| #ifdef HAVE_STRING_H
| # if !defined STDC_HEADERS && defined HAVE_MEMORY_H
| #  include <memory.h>
| # endif
| # include <string.h>
| #endif
| #ifdef HAVE_STRINGS_H
| # include <strings.h>
| #endif
| #ifdef HAVE_INTTYPES_H
| # include <inttypes.h>
| #endif
| #ifdef HAVE_STDINT_H
| # include <stdint.h>
| #endif
| #ifdef HAVE_UNISTD_H
| # include <unistd.h>
| #endif
| int
| main ()
| {
| if (sizeof ((uintptr_t)))
| 	    return 0;
|   ;
|   return 0;
| }
configure:10268: result: yes
configure:10284: checking for sys/types.h
configure:10284: result: yes
configure:10284: checking for stdlib.h
configure:10284: result: yes
configure:10284: checking for stdint.h
configure:10284: result: yes
configure:10284: checking for inttypes.h
configure:10284: result: yes
configure:10284: checking malloc.h usability
configure:10284: cc -c -g -O2  conftest.c >&5
configure:10284: $? = 0
configure:10284: result: yes
configure:10284: checking malloc.h presence
configure:10284: cc -E  conftest.c
configure:10284: $? = 0
configure:10284: result: yes
configure:10284: checking for malloc.h
configure:10284: result: yes
configure:10301: checking for fdatasync
configure:10301: cc -o conftest -g -O2   conftest.c  >&5
configure:10301: $? = 0
configure:10301: result: yes
configure:10301: checking for gmtime_r
configure:10301: cc -o conftest -g -O2   conftest.c  >&5
configure:10301: $? = 0
configure:10301: result: yes
configure:10301: checking for isnan
configure:10301: cc -o conftest -g -O2   conftest.c  >&5
configure:10301: $? = 0
configure:10301: result: yes
configure:10301: checking for localtime_r
configure:10301: cc -o conftest -g -O2   conftest.c  >&5
configure:10301: $? = 0
configure:10301: result: yes
configure:10301: checking for localtime_s
configure:10301: cc -o conftest -g -O2   conftest.c  >&5
ld: error: undefined symbol: localtime_s
>>> referenced by conftest.c:74
>>>               /tmp/conftest-6b46d1.o:(main)
>>> did you mean: localtime_r
>>> defined in: /lib/libc.so.7
cc: error: linker command failed with exit code 1 (use -v to see invocation)
configure:10301: $? = 1
configure: failed program was:
| /* confdefs.h */
| #define PACKAGE_NAME "sqlite"
| #define PACKAGE_TARNAME "sqlite"
| #define PACKAGE_VERSION "3.45.0"
| #define PACKAGE_STRING "sqlite 3.45.0"
| #define PACKAGE_BUGREPORT ""
| #define PACKAGE_URL ""
| #define STDC_HEADERS 1
| #define HAVE_SYS_TYPES_H 1
| #define HAVE_SYS_STAT_H 1
| #define HAVE_STDLIB_H 1
| #define HAVE_STRING_H 1
| #define HAVE_MEMORY_H 1
| #define HAVE_STRINGS_H 1
| #define HAVE_INTTYPES_H 1
| #define HAVE_STDINT_H 1
| #define HAVE_UNISTD_H 1
| #define HAVE_DLFCN_H 1
| #define LT_OBJDIR ".libs/"
| #define HAVE_INT8_T 1
| #define HAVE_INT16_T 1
| #define HAVE_INT32_T 1
| #define HAVE_INT64_T 1
| #define HAVE_INTPTR_T 1
| #define HAVE_UINT8_T 1
| #define HAVE_UINT16_T 1
| #define HAVE_UINT32_T 1
| #define HAVE_UINT64_T 1
| #define HAVE_UINTPTR_T 1
| #define HAVE_SYS_TYPES_H 1
| #define HAVE_STDLIB_H 1
| #define HAVE_STDINT_H 1
| #define HAVE_INTTYPES_H 1
| #define HAVE_MALLOC_H 1
| #define HAVE_FDATASYNC 1
| #define HAVE_GMTIME_R 1
| #define HAVE_ISNAN 1
| #define HAVE_LOCALTIME_R 1
| /* end confdefs.h.  */
| /* Define localtime_s to an innocuous variant, in case <limits.h> declares localtime_s.
|    For example, HP-UX 11i <limits.h> declares gettimeofday.  */
| #define localtime_s innocuous_localtime_s
| 
| /* System header to define __stub macros and hopefully few prototypes,
|     which can conflict with char localtime_s (); below.
|     Prefer <limits.h> to <assert.h> if __STDC__ is defined, since
|     <limits.h> exists even on freestanding compilers.  */
| 
| #ifdef __STDC__
| # include <limits.h>
| #else
| # include <assert.h>
| #endif
| 
| #undef localtime_s
| 
| /* Override any GCC internal prototype to avoid an error.
|    Use char because int might match the return type of a GCC
|    builtin and then its argument prototype would still apply.  */
| #ifdef __cplusplus
| extern "C"
| #endif
| char localtime_s ();
| /* The GNU C library defines this for functions which it implements
|     to always fail with ENOSYS.  Some functions are actually named
|     something starting with __ and the normal name is an alias.  */
| #if defined __stub_localtime_s || defined __stub___localtime_s
| choke me
| #endif
| 
| int
| main ()
| {
| return localtime_s ();
|   ;
|   return 0;
| }
configure:10301: result: no
configure:10301: checking for malloc_usable_size
configure:10301: cc -o conftest -g -O2   conftest.c  >&5
configure:10301: $? = 0
configure:10301: result: yes
configure:10301: checking for strchrnul
configure:10301: cc -o conftest -g -O2   conftest.c  >&5
configure:10301: $? = 0
configure:10301: result: yes
configure:10301: checking for usleep
configure:10301: cc -o conftest -g -O2   conftest.c  >&5
configure:10301: $? = 0
configure:10301: result: yes
configure:10301: checking for utime
configure:10301: cc -o conftest -g -O2   conftest.c  >&5
configure:10301: $? = 0
configure:10301: result: yes
configure:10301: checking for pread
configure:10301: cc -o conftest -g -O2   conftest.c  >&5
configure:10301: $? = 0
configure:10301: result: yes
configure:10301: checking for pread64
configure:10301: cc -o conftest -g -O2   conftest.c  >&5
ld: error: undefined symbol: pread64
>>> referenced by conftest.c:79
>>>               /tmp/conftest-569047.o:(main)
cc: error: linker command failed with exit code 1 (use -v to see invocation)
configure:10301: $? = 1
configure: failed program was:
| /* confdefs.h */
| #define PACKAGE_NAME "sqlite"
| #define PACKAGE_TARNAME "sqlite"
| #define PACKAGE_VERSION "3.45.0"
| #define PACKAGE_STRING "sqlite 3.45.0"
| #define PACKAGE_BUGREPORT ""
| #define PACKAGE_URL ""
| #define STDC_HEADERS 1
| #define HAVE_SYS_TYPES_H 1
| #define HAVE_SYS_STAT_H 1
| #define HAVE_STDLIB_H 1
| #define HAVE_STRING_H 1
| #define HAVE_MEMORY_H 1
| #define HAVE_STRINGS_H 1
| #define HAVE_INTTYPES_H 1
| #define HAVE_STDINT_H 1
| #define HAVE_UNISTD_H 1
| #define HAVE_DLFCN_H 1
| #define LT_OBJDIR ".libs/"
| #define HAVE_INT8_T 1
| #define HAVE_INT16_T 1
| #define HAVE_INT32_T 1
| #define HAVE_INT64_T 1
| #define HAVE_INTPTR_T 1
| #define HAVE_UINT8_T 1
| #define HAVE_UINT16_T 1
| #define HAVE_UINT32_T 1
| #define HAVE_UINT64_T 1
| #define HAVE_UINTPTR_T 1
| #define HAVE_SYS_TYPES_H 1
| #define HAVE_STDLIB_H 1
| #define HAVE_STDINT_H 1
| #define HAVE_INTTYPES_H 1
| #define HAVE_MALLOC_H 1
| #define HAVE_FDATASYNC 1
| #define HAVE_GMTIME_R 1
| #define HAVE_ISNAN 1
| #define HAVE_LOCALTIME_R 1
| #define HAVE_MALLOC_USABLE_SIZE 1
| #define HAVE_STRCHRNUL 1
| #define HAVE_USLEEP 1
| #define HAVE_UTIME 1
| #define HAVE_PREAD 1
| /* end confdefs.h.  */
| /* Define pread64 to an innocuous variant, in case <limits.h> declares pread64.
|    For example, HP-UX 11i <limits.h> declares gettimeofday.  */
| #define pread64 innocuous_pread64
| 
| /* System header to define __stub macros and hopefully few prototypes,
|     which can conflict with char pread64 (); below.
|     Prefer <limits.h> to <assert.h> if __STDC__ is defined, since
|     <limits.h> exists even on freestanding compilers.  */
| 
| #ifdef __STDC__
| # include <limits.h>
| #else
| # include <assert.h>
| #endif
| 
| #undef pread64
| 
| /* Override any GCC internal prototype to avoid an error.
|    Use char because int might match the return type of a GCC
|    builtin and then its argument prototype would still apply.  */
| #ifdef __cplusplus
| extern "C"
| #endif
| char pread64 ();
| /* The GNU C library defines this for functions which it implements
|     to always fail with ENOSYS.  Some functions are actually named
|     something starting with __ and the normal name is an alias.  */
| #if defined __stub_pread64 || defined __stub___pread64
| choke me
| #endif
| 
| int
| main ()
| {
| return pread64 ();
|   ;
|   return 0;
| }
configure:10301: result: no
configure:10301: checking for pwrite
configure:10301: cc -o conftest -g -O2   conftest.c  >&5
configure:10301: $? = 0
configure:10301: result: yes
configure:10301: checking for pwrite64
configure:10301: cc -o conftest -g -O2   conftest.c  >&5
ld: error: undefined symbol: pwrite64
>>> referenced by conftest.c:80
>>>               /tmp/conftest-e55a7e.o:(main)
cc: error: linker command failed with exit code 1 (use -v to see invocation)
configure:10301: $? = 1
configure: failed program was:
| /* confdefs.h */
| #define PACKAGE_NAME "sqlite"
| #define PACKAGE_TARNAME "sqlite"
| #define PACKAGE_VERSION "3.45.0"
| #define PACKAGE_STRING "sqlite 3.45.0"
| #define PACKAGE_BUGREPORT ""
| #define PACKAGE_URL ""
| #define STDC_HEADERS 1
| #define HAVE_SYS_TYPES_H 1
| #define HAVE_SYS_STAT_H 1
| #define HAVE_STDLIB_H 1
| #define HAVE_STRING_H 1
| #define HAVE_MEMORY_H 1
| #define HAVE_STRINGS_H 1
| #define HAVE_INTTYPES_H 1
| #define HAVE_STDINT_H 1
| #define HAVE_UNISTD_H 1
| #define HAVE_DLFCN_H 1
| #define LT_OBJDIR ".libs/"
| #define HAVE_INT8_T 1
| #define HAVE_INT16_T 1
| #define HAVE_INT32_T 1
| #define HAVE_INT64_T 1
| #define HAVE_INTPTR_T 1
| #define HAVE_UINT8_T 1
| #define HAVE_UINT16_T 1
| #define HAVE_UINT32_T 1
| #define HAVE_UINT64_T 1
| #define HAVE_UINTPTR_T 1
| #define HAVE_SYS_TYPES_H 1
| #define HAVE_STDLIB_H 1
| #define HAVE_STDINT_H 1
| #define HAVE_INTTYPES_H 1
| #define HAVE_MALLOC_H 1
| #define HAVE_FDATASYNC 1
| #define HAVE_GMTIME_R 1
| #define HAVE_ISNAN 1
| #define HAVE_LOCALTIME_R 1
| #define HAVE_MALLOC_USABLE_SIZE 1
| #define HAVE_STRCHRNUL 1
| #define HAVE_USLEEP 1
| #define HAVE_UTIME 1
| #define HAVE_PREAD 1
| #define HAVE_PWRITE 1
| /* end confdefs.h.  */
| /* Define pwrite64 to an innocuous variant, in case <limits.h> declares pwrite64.
|    For example, HP-UX 11i <limits.h> declares gettimeofday.  */
| #define pwrite64 innocuous_pwrite64
| 
| /* System header to define __stub macros and hopefully few prototypes,
|     which can conflict with char pwrite64 (); below.
|     Prefer <limits.h> to <assert.h> if __STDC__ is defined, since
|     <limits.h> exists even on freestanding compilers.  */
| 
| #ifdef __STDC__
| # include <limits.h>
| #else
| # include <assert.h>
| #endif
| 
| #undef pwrite64
| 
| /* Override any GCC internal prototype to avoid an error.
|    Use char because int might match the return type of a GCC
|    builtin and then its argument prototype would still apply.  */
| #ifdef __cplusplus
| extern "C"
| #endif
| char pwrite64 ();
| /* The GNU C library defines this for functions which it implements
|     to always fail with ENOSYS.  Some functions are actually named
|     something starting with __ and the normal name is an alias.  */
| #if defined __stub_pwrite64 || defined __stub___pwrite64
| choke me
| #endif
| 
| int
| main ()
| {
| return pwrite64 ();
|   ;
|   return 0;
| }
configure:10301: result: no
configure:10325: checking for tclsh8.7
configure:10355: result: no
configure:10325: checking for tclsh8.6
configure:10341: found /usr/local/bin/tclsh8.6
configure:10352: result: tclsh8.6
configure:10395: Version set to 3.45
configure:10399: Release set to 3.45.0
configure:10414: checking for WASI SDK directory
configure:10436: result: no
configure:10531: checking whether to support threadsafe operation
configure:10539: result: yes
configure:10545: checking for library containing pthread_create
configure:10576: cc -o conftest -g -O2   conftest.c  >&5
ld: error: undefined symbol: pthread_create
>>> referenced by conftest.c:57
>>>               /tmp/conftest-bd7c5a.o:(main)
cc: error: linker command failed with exit code 1 (use -v to see invocation)
configure:10576: $? = 1
configure: failed program was:
| /* confdefs.h */
| #define PACKAGE_NAME "sqlite"
| #define PACKAGE_TARNAME "sqlite"
| #define PACKAGE_VERSION "3.45.0"
| #define PACKAGE_STRING "sqlite 3.45.0"
| #define PACKAGE_BUGREPORT ""
| #define PACKAGE_URL ""
| #define STDC_HEADERS 1
| #define HAVE_SYS_TYPES_H 1
| #define HAVE_SYS_STAT_H 1
| #define HAVE_STDLIB_H 1
| #define HAVE_STRING_H 1
| #define HAVE_MEMORY_H 1
| #define HAVE_STRINGS_H 1
| #define HAVE_INTTYPES_H 1
| #define HAVE_STDINT_H 1
| #define HAVE_UNISTD_H 1
| #define HAVE_DLFCN_H 1
| #define LT_OBJDIR ".libs/"
| #define HAVE_INT8_T 1
| #define HAVE_INT16_T 1
| #define HAVE_INT32_T 1
| #define HAVE_INT64_T 1
| #define HAVE_INTPTR_T 1
| #define HAVE_UINT8_T 1
| #define HAVE_UINT16_T 1
| #define HAVE_UINT32_T 1
| #define HAVE_UINT64_T 1
| #define HAVE_UINTPTR_T 1
| #define HAVE_SYS_TYPES_H 1
| #define HAVE_STDLIB_H 1
| #define HAVE_STDINT_H 1
| #define HAVE_INTTYPES_H 1
| #define HAVE_MALLOC_H 1
| #define HAVE_FDATASYNC 1
| #define HAVE_GMTIME_R 1
| #define HAVE_ISNAN 1
| #define HAVE_LOCALTIME_R 1
| #define HAVE_MALLOC_USABLE_SIZE 1
| #define HAVE_STRCHRNUL 1
| #define HAVE_USLEEP 1
| #define HAVE_UTIME 1
| #define HAVE_PREAD 1
| #define HAVE_PWRITE 1
| /* end confdefs.h.  */
| 
| /* Override any GCC internal prototype to avoid an error.
|    Use char because int might match the return type of a GCC
|    builtin and then its argument prototype would still apply.  */
| #ifdef __cplusplus
| extern "C"
| #endif
| char pthread_create ();
| int
| main ()
| {
| return pthread_create ();
|   ;
|   return 0;
| }
configure:10576: cc -o conftest -g -O2   conftest.c -lpthread   >&5
configure:10576: $? = 0
configure:10593: result: -lpthread
configure:10601: checking for library containing pthread_mutexattr_init
configure:10632: cc -o conftest -g -O2   conftest.c -lpthread  >&5
configure:10632: $? = 0
configure:10649: result: none required
configure:10669: checking whether to support shared library linked as release mode or not
configure:10673: result: no
configure:10692: checking whether to use an in-ram database for temporary tables
configure:10702: result: no
configure:10729: checking if executables have the .exe suffix
configure:10736: result: unknown
configure:10794: checking for Tcl configuration
configure:10916: result: found /usr/local/lib/tcl8.6/tclConfig.sh
configure:10919: checking for existence of /usr/local/lib/tcl8.6/tclConfig.sh
configure:10922: result: loading
configure:11006: checking for library containing readline
configure:11037: cc -o conftest -g -O2 -DSQLITE_OS_UNIX=1   conftest.c  >&5
ld: error: undefined symbol: readline
>>> referenced by conftest.c:57
>>>               /tmp/conftest-820e72.o:(main)
>>> did you mean: readlink
>>> defined in: /lib/libc.so.7
cc: error: linker command failed with exit code 1 (use -v to see invocation)
configure:11037: $? = 1
configure: failed program was:
| /* confdefs.h */
| #define PACKAGE_NAME "sqlite"
| #define PACKAGE_TARNAME "sqlite"
| #define PACKAGE_VERSION "3.45.0"
| #define PACKAGE_STRING "sqlite 3.45.0"
| #define PACKAGE_BUGREPORT ""
| #define PACKAGE_URL ""
| #define STDC_HEADERS 1
| #define HAVE_SYS_TYPES_H 1
| #define HAVE_SYS_STAT_H 1
| #define HAVE_STDLIB_H 1
| #define HAVE_STRING_H 1
| #define HAVE_MEMORY_H 1
| #define HAVE_STRINGS_H 1
| #define HAVE_INTTYPES_H 1
| #define HAVE_STDINT_H 1
| #define HAVE_UNISTD_H 1
| #define HAVE_DLFCN_H 1
| #define LT_OBJDIR ".libs/"
| #define HAVE_INT8_T 1
| #define HAVE_INT16_T 1
| #define HAVE_INT32_T 1
| #define HAVE_INT64_T 1
| #define HAVE_INTPTR_T 1
| #define HAVE_UINT8_T 1
| #define HAVE_UINT16_T 1
| #define HAVE_UINT32_T 1
| #define HAVE_UINT64_T 1
| #define HAVE_UINTPTR_T 1
| #define HAVE_SYS_TYPES_H 1
| #define HAVE_STDLIB_H 1
| #define HAVE_STDINT_H 1
| #define HAVE_INTTYPES_H 1
| #define HAVE_MALLOC_H 1
| #define HAVE_FDATASYNC 1
| #define HAVE_GMTIME_R 1
| #define HAVE_ISNAN 1
| #define HAVE_LOCALTIME_R 1
| #define HAVE_MALLOC_USABLE_SIZE 1
| #define HAVE_STRCHRNUL 1
| #define HAVE_USLEEP 1
| #define HAVE_UTIME 1
| #define HAVE_PREAD 1
| #define HAVE_PWRITE 1
| /* end confdefs.h.  */
| 
| /* Override any GCC internal prototype to avoid an error.
|    Use char because int might match the return type of a GCC
|    builtin and then its argument prototype would still apply.  */
| #ifdef __cplusplus
| extern "C"
| #endif
| char readline ();
| int
| main ()
| {
| return readline ();
|   ;
|   return 0;
| }
configure:11037: cc -o conftest -g -O2 -DSQLITE_OS_UNIX=1   conftest.c -ledit   >&5
configure:11037: $? = 0
configure:11054: result: -ledit
configure:11281: checking for library containing fdatasync
configure:11312: cc -o conftest -g -O2 -DSQLITE_OS_UNIX=1   conftest.c -lpthread  >&5
configure:11312: $? = 0
configure:11329: result: none required
configure:11345: checking build type
configure:11353: result: release
configure:11375: checking zlib.h usability
configure:11375: cc -c -g -O2 -DSQLITE_OS_UNIX=1  conftest.c >&5
configure:11375: $? = 0
configure:11375: result: yes
configure:11375: checking zlib.h presence
configure:11375: cc -E  conftest.c
configure:11375: $? = 0
configure:11375: result: yes
configure:11375: checking for zlib.h
configure:11375: result: yes
configure:11385: checking for library containing deflate
configure:11416: cc -o conftest -g -O2 -DSQLITE_OS_UNIX=1   conftest.c -lpthread  >&5
ld: error: undefined symbol: deflate
>>> referenced by conftest.c:58
>>>               /tmp/conftest-9b99b9.o:(main)
cc: error: linker command failed with exit code 1 (use -v to see invocation)
configure:11416: $? = 1
configure: failed program was:
| /* confdefs.h */
| #define PACKAGE_NAME "sqlite"
| #define PACKAGE_TARNAME "sqlite"
| #define PACKAGE_VERSION "3.45.0"
| #define PACKAGE_STRING "sqlite 3.45.0"
| #define PACKAGE_BUGREPORT ""
| #define PACKAGE_URL ""
| #define STDC_HEADERS 1
| #define HAVE_SYS_TYPES_H 1
| #define HAVE_SYS_STAT_H 1
| #define HAVE_STDLIB_H 1
| #define HAVE_STRING_H 1
| #define HAVE_MEMORY_H 1
| #define HAVE_STRINGS_H 1
| #define HAVE_INTTYPES_H 1
| #define HAVE_STDINT_H 1
| #define HAVE_UNISTD_H 1
| #define HAVE_DLFCN_H 1
| #define LT_OBJDIR ".libs/"
| #define HAVE_INT8_T 1
| #define HAVE_INT16_T 1
| #define HAVE_INT32_T 1
| #define HAVE_INT64_T 1
| #define HAVE_INTPTR_T 1
| #define HAVE_UINT8_T 1
| #define HAVE_UINT16_T 1
| #define HAVE_UINT32_T 1
| #define HAVE_UINT64_T 1
| #define HAVE_UINTPTR_T 1
| #define HAVE_SYS_TYPES_H 1
| #define HAVE_STDLIB_H 1
| #define HAVE_STDINT_H 1
| #define HAVE_INTTYPES_H 1
| #define HAVE_MALLOC_H 1
| #define HAVE_FDATASYNC 1
| #define HAVE_GMTIME_R 1
| #define HAVE_ISNAN 1
| #define HAVE_LOCALTIME_R 1
| #define HAVE_MALLOC_USABLE_SIZE 1
| #define HAVE_STRCHRNUL 1
| #define HAVE_USLEEP 1
| #define HAVE_UTIME 1
| #define HAVE_PREAD 1
| #define HAVE_PWRITE 1
| #define HAVE_ZLIB_H 1
| /* end confdefs.h.  */
| 
| /* Override any GCC internal prototype to avoid an error.
|    Use char because int might match the return type of a GCC
|    builtin and then its argument prototype would still apply.  */
| #ifdef __cplusplus
| extern "C"
| #endif
| char deflate ();
| int
| main ()
| {
| return deflate ();
|   ;
|   return 0;
| }
configure:11416: cc -o conftest -g -O2 -DSQLITE_OS_UNIX=1   conftest.c -lz  -lpthread  >&5
configure:11416: $? = 0
configure:11433: result: -lz
configure:11456: checking for library containing dlopen
configure:11487: cc -o conftest -g -O2 -DSQLITE_OS_UNIX=1   conftest.c -lz -lpthread  >&5
configure:11487: $? = 0
configure:11504: result: none required
configure:11524: checking whether to support math functions
configure:11530: result: yes
configure:11533: checking for library containing ceil
configure:11564: cc -o conftest -g -O2 -DSQLITE_OS_UNIX=1   conftest.c -lz -lpthread  >&5
conftest.c:54:6: warning: incompatible redeclaration of library function 'ceil' [-Wincompatible-library-redeclaration]
char ceil ();
     ^
conftest.c:54:6: note: 'ceil' is a builtin with type 'double (double)'
1 warning generated.
ld: error: undefined symbol: ceil
>>> referenced by conftest.c:58
>>>               /tmp/conftest-a56e2b.o:(main)
cc: error: linker command failed with exit code 1 (use -v to see invocation)
configure:11564: $? = 1
configure: failed program was:
| /* confdefs.h */
| #define PACKAGE_NAME "sqlite"
| #define PACKAGE_TARNAME "sqlite"
| #define PACKAGE_VERSION "3.45.0"
| #define PACKAGE_STRING "sqlite 3.45.0"
| #define PACKAGE_BUGREPORT ""
| #define PACKAGE_URL ""
| #define STDC_HEADERS 1
| #define HAVE_SYS_TYPES_H 1
| #define HAVE_SYS_STAT_H 1
| #define HAVE_STDLIB_H 1
| #define HAVE_STRING_H 1
| #define HAVE_MEMORY_H 1
| #define HAVE_STRINGS_H 1
| #define HAVE_INTTYPES_H 1
| #define HAVE_STDINT_H 1
| #define HAVE_UNISTD_H 1
| #define HAVE_DLFCN_H 1
| #define LT_OBJDIR ".libs/"
| #define HAVE_INT8_T 1
| #define HAVE_INT16_T 1
| #define HAVE_INT32_T 1
| #define HAVE_INT64_T 1
| #define HAVE_INTPTR_T 1
| #define HAVE_UINT8_T 1
| #define HAVE_UINT16_T 1
| #define HAVE_UINT32_T 1
| #define HAVE_UINT64_T 1
| #define HAVE_UINTPTR_T 1
| #define HAVE_SYS_TYPES_H 1
| #define HAVE_STDLIB_H 1
| #define HAVE_STDINT_H 1
| #define HAVE_INTTYPES_H 1
| #define HAVE_MALLOC_H 1
| #define HAVE_FDATASYNC 1
| #define HAVE_GMTIME_R 1
| #define HAVE_ISNAN 1
| #define HAVE_LOCALTIME_R 1
| #define HAVE_MALLOC_USABLE_SIZE 1
| #define HAVE_STRCHRNUL 1
| #define HAVE_USLEEP 1
| #define HAVE_UTIME 1
| #define HAVE_PREAD 1
| #define HAVE_PWRITE 1
| #define HAVE_ZLIB_H 1
| /* end confdefs.h.  */
| 
| /* Override any GCC internal prototype to avoid an error.
|    Use char because int might match the return type of a GCC
|    builtin and then its argument prototype would still apply.  */
| #ifdef __cplusplus
| extern "C"
| #endif
| char ceil ();
| int
| main ()
| {
| return ceil ();
|   ;
|   return 0;
| }
configure:11564: cc -o conftest -g -O2 -DSQLITE_OS_UNIX=1   conftest.c -lm  -lz -lpthread  >&5
conftest.c:54:6: warning: incompatible redeclaration of library function 'ceil' [-Wincompatible-library-redeclaration]
char ceil ();
     ^
conftest.c:54:6: note: 'ceil' is a builtin with type 'double (double)'
1 warning generated.
configure:11564: $? = 0
configure:11581: result: -lm
configure:11599: checking whether to support JSON functions
configure:11606: result: yes
configure:11627: checking whether to support MEMSYS5
configure:11634: result: no
configure:11642: checking whether to support MEMSYS3
configure:11649: result: no
configure:11660: checking whether to support FTS3
configure:11667: result: no
configure:11675: checking whether to support FTS4
configure:11738: result: no
configure:11746: checking whether to support FTS5
configure:11809: result: no
configure:11821: checking whether to support LIMIT on UPDATE and DELETE statements
configure:11828: result: no
configure:11841: checking whether to support GEOPOLY
configure:11849: result: no
configure:11860: checking whether to support RTREE
configure:11867: result: no
configure:11878: checking whether to support SESSION
configure:11886: result: no
configure:12092: creating ./config.status

## ---------------------- ##
## Running config.status. ##
## ---------------------- ##

This file was extended by sqlite config.status 3.45.0, which was
generated by GNU Autoconf 2.69.  Invocation command line was

  CONFIG_FILES    = 
  CONFIG_HEADERS  = 
  CONFIG_LINKS    = 
  CONFIG_COMMANDS = 
  $ ./config.status 

on somehost.my.domain

config.status:1085: creating Makefile
config.status:1085: creating sqlite3.pc
config.status:1085: creating sqlite_cfg.h
config.status:1259: executing libtool commands

## ---------------- ##
## Cache variables. ##
## ---------------- ##

ac_cv_build=aarch64-unknown-freebsd13.2
ac_cv_c_compiler_gnu=yes
ac_cv_c_tclconfig=/usr/local/lib/tcl8.6
ac_cv_env_CC_set=''
ac_cv_env_CC_value=''
ac_cv_env_CFLAGS_set=''
ac_cv_env_CFLAGS_value=''
ac_cv_env_CPPFLAGS_set=''
ac_cv_env_CPPFLAGS_value=''
ac_cv_env_CPP_set=''
ac_cv_env_CPP_value=''
ac_cv_env_LDFLAGS_set=''
ac_cv_env_LDFLAGS_value=''
ac_cv_env_LIBS_set=''
ac_cv_env_LIBS_value=''
ac_cv_env_TCLLIBDIR_set=''
ac_cv_env_TCLLIBDIR_value=''
ac_cv_env_build_alias_set=''
ac_cv_env_build_alias_value=''
ac_cv_env_host_alias_set=''
ac_cv_env_host_alias_value=''
ac_cv_env_target_alias_set=''
ac_cv_env_target_alias_value=''
ac_cv_func_fdatasync=yes
ac_cv_func_gmtime_r=yes
ac_cv_func_isnan=yes
ac_cv_func_localtime_r=yes
ac_cv_func_localtime_s=no
ac_cv_func_malloc_usable_size=yes
ac_cv_func_pread64=no
ac_cv_func_pread=yes
ac_cv_func_pwrite64=no
ac_cv_func_pwrite=yes
ac_cv_func_strchrnul=yes
ac_cv_func_usleep=yes
ac_cv_func_utime=yes
ac_cv_header_dlfcn_h=yes
ac_cv_header_inttypes_h=yes
ac_cv_header_malloc_h=yes
ac_cv_header_memory_h=yes
ac_cv_header_stdc=yes
ac_cv_header_stdint_h=yes
ac_cv_header_stdlib_h=yes
ac_cv_header_string_h=yes
ac_cv_header_strings_h=yes
ac_cv_header_sys_stat_h=yes
ac_cv_header_sys_types_h=yes
ac_cv_header_unistd_h=yes
ac_cv_header_zlib_h=yes
ac_cv_host=aarch64-unknown-freebsd13.2
ac_cv_objext=o
ac_cv_path_EGREP='/usr/bin/grep -E'
ac_cv_path_FGREP='/usr/bin/grep -F'
ac_cv_path_GREP=/usr/bin/grep
ac_cv_path_SED=/usr/bin/sed
ac_cv_path_install='/usr/bin/install -c'
ac_cv_prog_CC=cc
ac_cv_prog_CPP='cc -E'
ac_cv_prog_TCLSH_CMD=tclsh8.6
ac_cv_prog_ac_ct_AR=ar
ac_cv_prog_ac_ct_RANLIB=ranlib
ac_cv_prog_ac_ct_STRIP=strip
ac_cv_prog_cc_c89=''
ac_cv_prog_cc_g=yes
ac_cv_search_ceil=-lm
ac_cv_search_deflate=-lz
ac_cv_search_dlopen='none required'
ac_cv_search_fdatasync='none required'
ac_cv_search_pthread_create=-lpthread
ac_cv_search_pthread_mutexattr_init='none required'
ac_cv_search_readline=-ledit
ac_cv_sys_file_offset_bits=no
ac_cv_sys_largefile_CC=no
ac_cv_type_int16_t=yes
ac_cv_type_int32_t=yes
ac_cv_type_int64_t=yes
ac_cv_type_int8_t=yes
ac_cv_type_intptr_t=yes
ac_cv_type_uint16_t=yes
ac_cv_type_uint32_t=yes
ac_cv_type_uint64_t=yes
ac_cv_type_uint8_t=yes
ac_cv_type_uintptr_t=yes
lt_cv_deplibs_check_method=pass_all
lt_cv_file_magic_cmd='$MAGIC_CMD'
lt_cv_file_magic_test_file=''
lt_cv_ld_reload_flag=-r
lt_cv_nm_interface='BSD nm'
lt_cv_objdir=.libs
lt_cv_path_LD=/usr/bin/ld
lt_cv_path_NM=/usr/bin/nm
lt_cv_prog_compiler_c_o=yes
lt_cv_prog_compiler_pic_works=yes
lt_cv_prog_compiler_rtti_exceptions=yes
lt_cv_prog_compiler_static_works=yes
lt_cv_prog_gnu_ld=yes
lt_cv_sys_global_symbol_pipe=$'sed -n -e \'s/^.*[\t ]\\([BCDEGRST][BCDEGRST]*\\)[\t ][\t ]*\\([_A-Za-z][_A-Za-z0-9]*\\)$/\\1 \\2 \\2/p\''
lt_cv_sys_global_symbol_to_c_name_address=$'sed -n -e \'s/^: \\([^ ]*\\) $/  {\\"\\1\\", (void *) 0},/p\' -e \'s/^[BCDEGRST]* \\([^ ]*\\) \\([^ ]*\\)$/  {"\\2", (void *) \\&\\2},/p\''
lt_cv_sys_global_symbol_to_c_name_address_lib_prefix=$'sed -n -e \'s/^: \\([^ ]*\\) $/  {\\"\\1\\", (void *) 0},/p\' -e \'s/^[BCDEGRST]* \\([^ ]*\\) \\(lib[^ ]*\\)$/  {"\\2", (void *) \\&\\2},/p\' -e \'s/^[BCDEGRST]* \\([^ ]*\\) \\([^ ]*\\)$/  {"lib\\2", (void *) \\&\\2},/p\''
lt_cv_sys_global_symbol_to_cdecl=$'sed -n -e \'s/^T .* \\(.*\\)$/extern int \\1();/p\' -e \'s/^[BCDEGRST]* .* \\(.*\\)$/extern char \\1;/p\''
lt_cv_sys_max_cmd_len=393216

## ----------------- ##
## Output variables. ##
## ----------------- ##

ALLOWRELEASE=''
AMALGAMATION_LINE_MACROS='--linemacros=0'
AR='ar'
BUILD_CC='cc'
BUILD_CFLAGS=' -g -O2'
BUILD_EXEEXT=''
CC='cc'
CFLAGS=' -g -O2 -DSQLITE_OS_UNIX=1'
CPP='cc -E'
CPPFLAGS=''
DEFS='-DHAVE_CONFIG_H'
DSYMUTIL=''
DUMPBIN=''
ECHO_C=''
ECHO_N='-n'
ECHO_T=''
EGREP='/usr/bin/grep -E'
EXEEXT=''
FGREP='/usr/bin/grep -F'
GREP='/usr/bin/grep'
HAVE_TCL='1'
HAVE_WASI_SDK=''
HAVE_ZLIB='-DSQLITE_HAVE_ZLIB=1'
INSTALL_DATA='${INSTALL} -m 644'
INSTALL_PROGRAM='${INSTALL}'
INSTALL_SCRIPT='${INSTALL}'
LD='/usr/bin/ld'
LDFLAGS=''
LIBOBJS=''
LIBS='-lm -lz -lpthread '
LIBTOOL='$(SHELL) $(top_builddir)/libtool'
LIPO=''
LN_S='ln -s'
LTLIBOBJS=''
NM='/usr/bin/nm'
NMEDIT=''
OBJDUMP='false'
OBJEXT='o'
OPT_FEATURE_FLAGS=' -DSQLITE_ENABLE_MATH_FUNCTIONS'
OTOOL64=''
OTOOL=''
PACKAGE_BUGREPORT=''
PACKAGE_NAME='sqlite'
PACKAGE_STRING='sqlite 3.45.0'
PACKAGE_TARNAME='sqlite'
PACKAGE_URL=''
PACKAGE_VERSION='3.45.0'
PATH_SEPARATOR=':'
RANLIB='ranlib'
RELEASE='3.45.0'
SED='/usr/bin/sed'
SHELL='/bin/sh'
SQLITE_OS_UNIX='1'
SQLITE_OS_WIN='0'
SQLITE_THREADSAFE='1'
STRIP='strip'
TARGET_DEBUG='-DNDEBUG'
TARGET_EXEEXT=''
TARGET_HAVE_EDITLINE='1'
TARGET_HAVE_LINENOISE='0'
TARGET_HAVE_READLINE='0'
TARGET_READLINE_INC=''
TARGET_READLINE_LIBS='-ledit '
TCLLIBDIR='/usr/local/lib/tcl8.6/sqlite3'
TCLSH_CMD='tclsh8.6'
TCL_BIN_DIR='/usr/local/lib/tcl8.6'
TCL_INCLUDE_SPEC='-I/usr/local/include/tcl8.6'
TCL_LIB_FILE='libtcl86.so.1'
TCL_LIB_FLAG='-ltcl86'
TCL_LIB_SPEC='-L/usr/local/lib -ltcl86'
TCL_SHLIB_SUFFIX='.so'
TCL_SRC_DIR='/usr/local/include/tcl8.6'
TCL_STUB_LIB_FILE='libtclstub86.a'
TCL_STUB_LIB_FLAG='-ltclstub86'
TCL_STUB_LIB_SPEC='-L/usr/local/lib -ltclstub86'
TCL_VERSION='8.6'
TEMP_STORE='1'
USE_AMALGAMATION='1'
USE_GCOV='0'
VERSION='3.45'
ac_ct_CC=''
ac_ct_DUMPBIN=''
bindir='${exec_prefix}/bin'
build='aarch64-unknown-freebsd13.2'
build_alias=''
build_cpu='aarch64'
build_os='freebsd13.2'
build_vendor='unknown'
datadir='${datarootdir}'
datarootdir='${prefix}/share'
docdir='${datarootdir}/doc/${PACKAGE_TARNAME}'
dvidir='${docdir}'
exec_prefix='${prefix}'
host='aarch64-unknown-freebsd13.2'
host_alias=''
host_cpu='aarch64'
host_os='freebsd13.2'
host_vendor='unknown'
htmldir='${docdir}'
includedir='${prefix}/include'
infodir='${datarootdir}/info'
libdir='${exec_prefix}/lib'
libexecdir='${exec_prefix}/libexec'
localedir='${datarootdir}/locale'
localstatedir='${prefix}/var'
lt_ECHO='echo'
mandir='${datarootdir}/man'
oldincludedir='/usr/include'
pdfdir='${docdir}'
prefix='/usr/local'
program_prefix=''
program_transform_name='s,x,x,'
psdir='${docdir}'
sbindir='${exec_prefix}/sbin'
sharedstatedir='${prefix}/com'
sysconfdir='${prefix}/etc'
target_alias=''

## ----------- ##
## confdefs.h. ##
## ----------- ##

/* confdefs.h */
#define PACKAGE_NAME "sqlite"
#define PACKAGE_TARNAME "sqlite"
#define PACKAGE_VERSION "3.45.0"
#define PACKAGE_STRING "sqlite 3.45.0"
#define PACKAGE_BUGREPORT ""
#define PACKAGE_URL ""
#define STDC_HEADERS 1
#define HAVE_SYS_TYPES_H 1
#define HAVE_SYS_STAT_H 1
#define HAVE_STDLIB_H 1
#define HAVE_STRING_H 1
#define HAVE_MEMORY_H 1
#define HAVE_STRINGS_H 1
#define HAVE_INTTYPES_H 1
#define HAVE_STDINT_H 1
#define HAVE_UNISTD_H 1
#define HAVE_DLFCN_H 1
#define LT_OBJDIR ".libs/"
#define HAVE_INT8_T 1
#define HAVE_INT16_T 1
#define HAVE_INT32_T 1
#define HAVE_INT64_T 1
#define HAVE_INTPTR_T 1
#define HAVE_UINT8_T 1
#define HAVE_UINT16_T 1
#define HAVE_UINT32_T 1
#define HAVE_UINT64_T 1
#define HAVE_UINTPTR_T 1
#define HAVE_SYS_TYPES_H 1
#define HAVE_STDLIB_H 1
#define HAVE_STDINT_H 1
#define HAVE_INTTYPES_H 1
#define HAVE_MALLOC_H 1
#define HAVE_FDATASYNC 1
#define HAVE_GMTIME_R 1
#define HAVE_ISNAN 1
#define HAVE_LOCALTIME_R 1
#define HAVE_MALLOC_USABLE_SIZE 1
#define HAVE_STRCHRNUL 1
#define HAVE_USLEEP 1
#define HAVE_UTIME 1
#define HAVE_PREAD 1
#define HAVE_PWRITE 1
#define HAVE_ZLIB_H 1

configure: exit 0
